# JRE version: Java(TM) SE Runtime Environment (8.0_51-b16) (build 1.8.0_51-b16)
# Java VM: Java HotSpot(TM) 64-Bit Server VM (25.51-b03 mixed mode windows-amd64 compressed oops)
Heap:
 PSYoungGen      total 116224K, used 33936K [0x00000000eab00000, 0x00000000f2580000, 0x0000000100000000)
  eden space 107008K, 31% used [0x00000000eab00000,0x00000000ecc24130,0x00000000f1380000)
  from space 9216K, 0% used [0x00000000f1380000,0x00000000f1380000,0x00000000f1c80000)
  to   space 7680K, 0% used [0x00000000f1e00000,0x00000000f1e00000,0x00000000f2580000)
 ParOldGen       total 49152K, used 20032K [0x00000000c0000000, 0x00000000c3000000, 0x00000000eab00000)
  object space 49152K, 40% used [0x00000000c0000000,0x00000000c13901a0,0x00000000c3000000)
 Metaspace       used 35867K, capacity 36756K, committed 37120K, reserved 1081344K
  class space    used 4804K, capacity 5036K, committed 5120K, reserved 1048576K
GC Heap History (10 events):
Event: 39.261 GC heap before
{Heap before GC invocations=13 (full 1):
 PSYoungGen      total 52224K, used 44992K [0x00000000eab00000, 0x00000000efe00000, 0x0000000100000000)
  eden space 44544K, 100% used [0x00000000eab00000,0x00000000ed680000,0x00000000ed680000)
  from space 7680K, 5% used [0x00000000ed680000,0x00000000ed6f0000,0x00000000ede00000)
  to   space 7680K, 0% used [0x00000000ef680000,0x00000000ef680000,0x00000000efe00000)
 ParOldGen       total 30720K, used 9124K [0x00000000c0000000, 0x00000000c1e00000, 0x00000000eab00000)
  object space 30720K, 29% used [0x00000000c0000000,0x00000000c08e9398,0x00000000c1e00000)
 Metaspace       used 21218K, capacity 21662K, committed 21888K, reserved 1069056K
  class space    used 2750K, capacity 2885K, committed 2944K, reserved 1048576K
Event: 39.298 GC heap after
Heap after GC invocations=13 (full 1):
 PSYoungGen      total 77312K, used 832K [0x00000000eab00000, 0x00000000efe00000, 0x0000000100000000)
  eden space 69632K, 0% used [0x00000000eab00000,0x00000000eab00000,0x00000000eef00000)
  from space 7680K, 10% used [0x00000000ef680000,0x00000000ef750010,0x00000000efe00000)
  to   space 7680K, 0% used [0x00000000eef00000,0x00000000eef00000,0x00000000ef680000)
 ParOldGen       total 30720K, used 9572K [0x00000000c0000000, 0x00000000c1e00000, 0x00000000eab00000)
  object space 30720K, 31% used [0x00000000c0000000,0x00000000c0959398,0x00000000c1e00000)
 Metaspace       used 21218K, capacity 21662K, committed 21888K, reserved 1069056K
  class space    used 2750K, capacity 2885K, committed 2944K, reserved 1048576K
}
Event: 45.316 GC heap before
{Heap before GC invocations=14 (full 1):
 PSYoungGen      total 77312K, used 70464K [0x00000000eab00000, 0x00000000efe00000, 0x0000000100000000)
  eden space 69632K, 100% used [0x00000000eab00000,0x00000000eef00000,0x00000000eef00000)
  from space 7680K, 10% used [0x00000000ef680000,0x00000000ef750010,0x00000000efe00000)
  to   space 7680K, 0% used [0x00000000eef00000,0x00000000eef00000,0x00000000ef680000)
 ParOldGen       total 30720K, used 9572K [0x00000000c0000000, 0x00000000c1e00000, 0x00000000eab00000)
  object space 30720K, 31% used [0x00000000c0000000,0x00000000c0959398,0x00000000c1e00000)
 Metaspace       used 26496K, capacity 27102K, committed 27264K, reserved 1073152K
  class space    used 3547K, capacity 3704K, committed 3712K, reserved 1048576K
Event: 45.338 GC heap after
Heap after GC invocations=14 (full 1):
 PSYoungGen      total 77312K, used 7663K [0x00000000eab00000, 0x00000000f2780000, 0x0000000100000000)
  eden space 69632K, 0% used [0x00000000eab00000,0x00000000eab00000,0x00000000eef00000)
  from space 7680K, 99% used [0x00000000eef00000,0x00000000ef67bce0,0x00000000ef680000)
  to   space 9728K, 0% used [0x00000000f1e00000,0x00000000f1e00000,0x00000000f2780000)
 ParOldGen       total 30720K, used 12035K [0x00000000c0000000, 0x00000000c1e00000, 0x00000000eab00000)
  object space 30720K, 39% used [0x00000000c0000000,0x00000000c0bc0da8,0x00000000c1e00000)
 Metaspace       used 26496K, capacity 27102K, committed 27264K, reserved 1073152K
  class space    used 3547K, capacity 3704K, committed 3712K, reserved 1048576K
}
Event: 49.375 GC heap before
{Heap before GC invocations=15 (full 1):
 PSYoungGen      total 77312K, used 77295K [0x00000000eab00000, 0x00000000f2780000, 0x0000000100000000)
  eden space 69632K, 100% used [0x00000000eab00000,0x00000000eef00000,0x00000000eef00000)
  from space 7680K, 99% used [0x00000000eef00000,0x00000000ef67bce0,0x00000000ef680000)
  to   space 9728K, 0% used [0x00000000f1e00000,0x00000000f1e00000,0x00000000f2780000)
 ParOldGen       total 30720K, used 12035K [0x00000000c0000000, 0x00000000c1e00000, 0x00000000eab00000)
  object space 30720K, 39% used [0x00000000c0000000,0x00000000c0bc0da8,0x00000000c1e00000)
 Metaspace       used 30407K, capacity 30966K, committed 31104K, reserved 1077248K
  class space    used 4014K, capacity 4156K, committed 4224K, reserved 1048576K
Event: 49.404 GC heap after
Heap after GC invocations=15 (full 1):
 PSYoungGen      total 114688K, used 3770K [0x00000000eab00000, 0x00000000f2580000, 0x0000000100000000)
  eden space 107008K, 0% used [0x00000000eab00000,0x00000000eab00000,0x00000000f1380000)
  from space 7680K, 49% used [0x00000000f1e00000,0x00000000f21aebf8,0x00000000f2580000)
  to   space 9216K, 0% used [0x00000000f1380000,0x00000000f1380000,0x00000000f1c80000)
 ParOldGen       total 30720K, used 16975K [0x00000000c0000000, 0x00000000c1e00000, 0x00000000eab00000)
  object space 30720K, 55% used [0x00000000c0000000,0x00000000c1093dc8,0x00000000c1e00000)
 Metaspace       used 30407K, capacity 30966K, committed 31104K, reserved 1077248K
  class space    used 4014K, capacity 4156K, committed 4224K, reserved 1048576K
}
Event: 56.961 GC heap before
{Heap before GC invocations=16 (full 1):
 PSYoungGen      total 114688K, used 54907K [0x00000000eab00000, 0x00000000f2580000, 0x0000000100000000)
  eden space 107008K, 47% used [0x00000000eab00000,0x00000000edcf02a8,0x00000000f1380000)
  from space 7680K, 49% used [0x00000000f1e00000,0x00000000f21aebf8,0x00000000f2580000)
  to   space 9216K, 0% used [0x00000000f1380000,0x00000000f1380000,0x00000000f1c80000)
 ParOldGen       total 30720K, used 16975K [0x00000000c0000000, 0x00000000c1e00000, 0x00000000eab00000)
  object space 30720K, 55% used [0x00000000c0000000,0x00000000c1093dc8,0x00000000c1e00000)
 Metaspace       used 34690K, capacity 35452K, committed 35496K, reserved 1079296K
  class space    used 4630K, capacity 4861K, committed 4864K, reserved 1048576K
Event: 56.998 GC heap after
Heap after GC invocations=16 (full 1):
 PSYoungGen      total 116224K, used 7350K [0x00000000eab00000, 0x00000000f2580000, 0x0000000100000000)
  eden space 107008K, 0% used [0x00000000eab00000,0x00000000eab00000,0x00000000f1380000)
  from space 9216K, 79% used [0x00000000f1380000,0x00000000f1aad818,0x00000000f1c80000)
  to   space 7680K, 0% used [0x00000000f1e00000,0x00000000f1e00000,0x00000000f2580000)
 ParOldGen       total 30720K, used 18008K [0x00000000c0000000, 0x00000000c1e00000, 0x00000000eab00000)
  object space 30720K, 58% used [0x00000000c0000000,0x00000000c1196208,0x00000000c1e00000)
 Metaspace       used 34690K, capacity 35452K, committed 35496K, reserved 1079296K
  class space    used 4630K, capacity 4861K, committed 4864K, reserved 1048576K
}
Event: 56.998 GC heap before
{Heap before GC invocations=17 (full 2):
 PSYoungGen      total 116224K, used 7350K [0x00000000eab00000, 0x00000000f2580000, 0x0000000100000000)
  eden space 107008K, 0% used [0x00000000eab00000,0x00000000eab00000,0x00000000f1380000)
  from space 9216K, 79% used [0x00000000f1380000,0x00000000f1aad818,0x00000000f1c80000)
  to   space 7680K, 0% used [0x00000000f1e00000,0x00000000f1e00000,0x00000000f2580000)
 ParOldGen       total 30720K, used 18008K [0x00000000c0000000, 0x00000000c1e00000, 0x00000000eab00000)
  object space 30720K, 58% used [0x00000000c0000000,0x00000000c1196208,0x00000000c1e00000)
 Metaspace       used 34690K, capacity 35452K, committed 35496K, reserved 1079296K
  class space    used 4630K, capacity 4861K, committed 4864K, reserved 1048576K
Event: 57.222 GC heap after
Heap after GC invocations=17 (full 2):
 PSYoungGen      total 116224K, used 0K [0x00000000eab00000, 0x00000000f2580000, 0x0000000100000000)
  eden space 107008K, 0% used [0x00000000eab00000,0x00000000eab00000,0x00000000f1380000)
  from space 9216K, 0% used [0x00000000f1380000,0x00000000f1380000,0x00000000f1c80000)
  to   space 7680K, 0% used [0x00000000f1e00000,0x00000000f1e00000,0x00000000f2580000)
 ParOldGen       total 49152K, used 20032K [0x00000000c0000000, 0x00000000c3000000, 0x00000000eab00000)
  object space 49152K, 40% used [0x00000000c0000000,0x00000000c13901a0,0x00000000c3000000)
 Metaspace       used 34670K, capacity 35430K, committed 35496K, reserved 1079296K
  class space    used 4624K, capacity 4855K, committed 4864K, reserved 1048576K
}

